<?xml version="1.0" encoding="UTF-8"?>
<!-- Generated by org.testng.reporters.JUnitXMLReporter -->
<testsuite ignored="0" hostname="LAPTOP-8FPMAEFB" failures="0" tests="5" name="Default test" time="33.066" errors="0" timestamp="2025-08-18T14:01:27 IST">
  <testcase classname="com.qa.opencart.tests.HomePageTest" name="homePageTitleTest" time="0.018"/>
  <testcase classname="com.qa.opencart.tests.HomePageTest" name="homePageURL" time="0.003"/>
  <testcase classname="com.qa.opencart.tests.HomePageTest" name="searchTest" time="0.598"/>
  <testcase classname="com.qa.opencart.tests.HomePageTest" name="searchTest" time="0.642"/>
  <testcase classname="com.qa.opencart.tests.HomePageTest" name="searchTest" time="0.523"/>
</testsuite> <!-- Default test -->
