<?xml version="1.0" encoding="UTF-8"?>
<!-- Generated by org.testng.reporters.JUnitXMLReporter -->
<testsuite ignored="0" hostname="LAPTOP-8FPMAEFB" failures="0" tests="5" name="Open Cart Home Page Test" time="17.939" errors="0" timestamp="2025-08-18T16:44:47 IST">
  <testcase classname="com.qa.opencart.tests.HomePageTest" name="homePageTitleTest" time="0.017"/>
  <testcase classname="com.qa.opencart.tests.HomePageTest" name="homePageURL" time="0.003"/>
  <testcase classname="com.qa.opencart.tests.HomePageTest" name="searchTest" time="0.565"/>
  <testcase classname="com.qa.opencart.tests.HomePageTest" name="searchTest" time="0.929"/>
  <testcase classname="com.qa.opencart.tests.HomePageTest" name="searchTest" time="0.434"/>
</testsuite> <!-- Open Cart Home Page Test -->
